<?xml version="1.0" encoding="UTF-8"?>
<testsuite xmlns:xsi="http://www.w3.org/2001/XMLSchema-instance" xsi:noNamespaceSchemaLocation="https://maven.apache.org/surefire/maven-surefire-plugin/xsd/surefire-test-report.xsd" name="com.example.AppTest" time="0.558" tests="8" errors="0" skipped="0" failures="0">
  <properties>
    <property name="sun.desktop" value="windows"/>
    <property name="awt.toolkit" value="sun.awt.windows.WToolkit"/>
    <property name="java.specification.version" value="12"/>
    <property name="sun.cpu.isalist" value="amd64"/>
    <property name="sun.jnu.encoding" value="Cp1252"/>
    <property name="java.class.path" value="c:\Users\Johnnie5Dubv\Desktop\synergy\P2PMessenger\p2pmessengerapp\target\test-classes;c:\Users\Johnnie5Dubv\Desktop\synergy\P2PMessenger\p2pmessengerapp\target\classes;C:\Users\Johnnie5Dubv\.m2\repository\junit\junit\4.11\junit-4.11.jar;C:\Users\Johnnie5Dubv\.m2\repository\org\hamcrest\hamcrest-core\1.3\hamcrest-core-1.3.jar;"/>
    <property name="java.vm.vendor" value="Oracle Corporation"/>
    <property name="sun.arch.data.model" value="64"/>
    <property name="user.variant" value=""/>
    <property name="java.vendor.url" value="https://java.oracle.com/"/>
    <property name="user.timezone" value="America/New_York"/>
    <property name="os.name" value="Windows 10"/>
    <property name="java.vm.specification.version" value="12"/>
    <property name="sun.java.launcher" value="SUN_STANDARD"/>
    <property name="user.country" value="US"/>
    <property name="sun.boot.library.path" value="C:\Program Files\Java\jdk-12.0.2\bin"/>
    <property name="sun.java.command" value="C:\Users\JOHNNI~1\AppData\Local\Temp\surefire9325738010836779043\surefirebooter7687618311726935296.jar C:\Users\Johnnie5Dubv\AppData\Local\Temp\surefire9325738010836779043 2021-09-17T17-25-48_100-jvmRun1 surefire6186282347220163631tmp surefire_02783335898649239161tmp"/>
    <property name="jdk.debug" value="release"/>
    <property name="surefire.test.class.path" value="c:\Users\Johnnie5Dubv\Desktop\synergy\P2PMessenger\p2pmessengerapp\target\test-classes;c:\Users\Johnnie5Dubv\Desktop\synergy\P2PMessenger\p2pmessengerapp\target\classes;C:\Users\Johnnie5Dubv\.m2\repository\junit\junit\4.11\junit-4.11.jar;C:\Users\Johnnie5Dubv\.m2\repository\org\hamcrest\hamcrest-core\1.3\hamcrest-core-1.3.jar;"/>
    <property name="sun.cpu.endian" value="little"/>
    <property name="user.home" value="C:\Users\Johnnie5Dubv"/>
    <property name="user.language" value="en"/>
    <property name="java.specification.vendor" value="Oracle Corporation"/>
    <property name="java.version.date" value="2019-07-16"/>
    <property name="java.home" value="C:\Program Files\Java\jdk-12.0.2"/>
    <property name="file.separator" value="\"/>
    <property name="basedir" value="c:\Users\Johnnie5Dubv\Desktop\synergy\P2PMessenger\p2pmessengerapp"/>
    <property name="java.vm.compressedOopsMode" value="Zero based"/>
    <property name="line.separator" value="&#10;"/>
    <property name="java.vm.specification.vendor" value="Oracle Corporation"/>
    <property name="java.specification.name" value="Java Platform API Specification"/>
    <property name="java.awt.graphicsenv" value="sun.awt.Win32GraphicsEnvironment"/>
    <property name="surefire.real.class.path" value="C:\Users\JOHNNI~1\AppData\Local\Temp\surefire9325738010836779043\surefirebooter7687618311726935296.jar"/>
    <property name="user.script" value=""/>
    <property name="sun.management.compiler" value="HotSpot 64-Bit Tiered Compilers"/>
    <property name="java.runtime.version" value="12.0.2+10"/>
    <property name="user.name" value="Johnnie5Dubv"/>
    <property name="path.separator" value=";"/>
    <property name="os.version" value="10.0"/>
    <property name="java.runtime.name" value="Java(TM) SE Runtime Environment"/>
    <property name="file.encoding" value="Cp1252"/>
    <property name="java.vm.name" value="Java HotSpot(TM) 64-Bit Server VM"/>
    <property name="localRepository" value="C:\Users\Johnnie5Dubv\.m2\repository"/>
    <property name="java.vendor.url.bug" value="https://bugreport.java.com/bugreport/"/>
    <property name="java.io.tmpdir" value="C:\Users\JOHNNI~1\AppData\Local\Temp\"/>
    <property name="java.version" value="12.0.2"/>
    <property name="user.dir" value="c:\Users\Johnnie5Dubv\Desktop\synergy\P2PMessenger\p2pmessengerapp"/>
    <property name="os.arch" value="amd64"/>
    <property name="java.vm.specification.name" value="Java Virtual Machine Specification"/>
    <property name="sun.os.patch.level" value=""/>
    <property name="java.library.path" value="C:\Program Files\Java\jdk-12.0.2\bin;C:\WINDOWS\Sun\Java\bin;C:\WINDOWS\system32;C:\WINDOWS;C:\Python39\Scripts\;C:\Python39\;C:\Python38\Scripts\;C:\Python38\;c:\Program Files (x86)\Common Files\Intel\Shared Libraries\redist\intel64_win\compiler;C:\Program Files (x86)\Razer Chroma SDK\bin;C:\Program Files\Razer Chroma SDK\bin;C:\Program Files (x86)\Intel\iCLS Client\;C:\Program Files\Intel\iCLS Client\;C:\Windows\system32;C:\Windows;C:\Windows\System32\Wbem;C:\Windows\System32\WindowsPowerShell\v1.0\;C:\Program Files\Intel\Intel(R) Management Engine Components\DAL;C:\Program Files (x86)\Intel\Intel(R) Management Engine Components\DAL;C:\Program Files\Intel\Intel(R) Management Engine Components\IPT;C:\Program Files (x86)\Intel\Intel(R) Management Engine Components\IPT;C:\Program Files (x86)\Common Files\lenovo\easyplussdk\bin;C:\Program Files (x86)\NVIDIA Corporation\PhysX\Common;C:\WINDOWS\system32;C:\WINDOWS;C:\WINDOWS\System32\Wbem;C:\WINDOWS\System32\WindowsPowerShell\v1.0\;C:\Users\Johnnie5Dubv\AppData\Local\Microsoft\WindowsApps;C:\WINDOWS\System32\OpenSSH\;C:\Program Files\NVIDIA Corporation\NVIDIA NvDLISR;C:\Program Files\Java\jdk-12.0.2\bin;C:\WINDOWS\system32;C:\WINDOWS;C:\WINDOWS\System32\Wbem;C:\WINDOWS\System32\WindowsPowerShell\v1.0\;C:\WINDOWS\System32\OpenSSH\;C:\Users\Johnnie5Dubv\Anaconda3;C:\Program Files\PuTTY\;C:\Program Files\Apache Software Foundation\apache-maven-3.6.3;C:\MinGW\bin;C:\Program Files\Apache Software Foundation\apache-maven-3.6.3\bin;C:\Users\Johnnie5Dubv\AppData\Roaming\npm;C:\Program Files\Git\cmd;C:\Users\Johnnie5Dubv\Downloads\platform-tools_r31.0.2-windows\platform-tools;C:\Program Files\PowerShell\7\;C:\Program Files\dotnet\;C:\Program Files\Microsoft SQL Server\130\Tools\Binn\;C:\Program Files\Microsoft SQL Server\Client SDK\ODBC\170\Tools\Binn\;C:\Program Files\nodejs\;C:\Program Files\MySQL\MySQL Shell 8.0\bin\;C:\Users\Johnnie5Dubv\Anaconda3;C:\Users\Johnnie5Dubv\Anaconda3\Library\mingw-w64\bin;C:\Users\Johnnie5Dubv\Anaconda3\Library\usr\bin;C:\Users\Johnnie5Dubv\Anaconda3\Library\bin;C:\Users\Johnnie5Dubv\Anaconda3\Scripts;C:\Program Files (x86)\Common Files\Intel\Shared Libraries\redist\intel64_win\compiler;C:\Users\Johnnie5Dubv\AppData\Local\Microsoft\WindowsApps;C:\Program Files\Docker Toolbox;C:\Program Files\Apache Software Foundation\apache-maven-3.6.3\bin;C:\Users\Johnnie5Dubv\AppData\Local\Programs\Microsoft VS Code\bin;&quot;C;\MinGW\bin&quot;;C:\Users\Johnnie5Dubv\.dotnet\tools;C:\Users\Johnnie5Dubv\AppData\Roaming\npm;."/>
    <property name="java.vm.info" value="mixed mode, sharing"/>
    <property name="java.vendor" value="Oracle Corporation"/>
    <property name="java.vm.version" value="12.0.2+10"/>
    <property name="sun.io.unicode.encoding" value="UnicodeLittle"/>
    <property name="java.class.version" value="56.0"/>
  </properties>
  <testcase name="shouldBeObjectReceiverMainview" classname="com.example.AppTest" time="0.001"/>
  <testcase name="shouldBeObjectSenderHost" classname="com.example.AppTest" time="0"/>
  <testcase name="shouldBeObjectSenderPort" classname="com.example.AppTest" time="0"/>
  <testcase name="shouldCreateMainViewGUI" classname="com.example.AppTest" time="0"/>
  <testcase name="classesShouldMatch" classname="com.example.AppTest" time="0"/>
  <testcase name="shouldBeObjectSenderMainview" classname="com.example.AppTest" time="0"/>
  <testcase name="shouldBeObjectMessageHost" classname="com.example.AppTest" time="0"/>
  <testcase name="shouldCreateLoginGUI" classname="com.example.AppTest" time="0"/>
</testsuite>